<?xml version="1.0" encoding="UTF-8"?>
<beans xmlns="http://www.springframework.org/schema/beans"
	xmlns:xsi="http://www.w3.org/2001/XMLSchema-instance" xmlns:p="http://www.springframework.org/schema/p"
	xmlns:context="http://www.springframework.org/schema/context"
	xmlns:amq="http://activemq.apache.org/schema/core"
	xsi:schemaLocation="http://www.springframework.org/schema/beans 
                           http://www.springframework.org/schema/beans/spring-beans-3.0.xsd
                           http://www.springframework.org/schema/jms
                           http://www.springframework.org/schema/jms/spring-jms-3.0.xsd
                           http://www.springframework.org/schema/context
                           http://www.springframework.org/schema/context/spring-context-3.0.xsd
                           http://activemq.apache.org/schema/core 
                           http://activemq.apache.org/schema/core/activemq-core-5.11.1.xsd">

	<bean id="propertyConfigurer"
	class="org.springframework.beans.factory.config.PropertyPlaceholderConfigurer">
	  <property name="systemPropertiesModeName" value="SYSTEM_PROPERTIES_MODE_FALLBACK"/>
	  <property name="searchSystemEnvironment" value="true"/>
	</bean>	

	<bean id="gson" class="com.google.gson.Gson" />

	<!--bean id="cmsCrypto" class="com.oneops.cms.crypto.CmsCryptoOpenSSLImpl" init-method="init" /-->
	<bean id="cmsCrypto" class="com.oneops.cms.crypto.CmsCryptoDES" init-method="init" />
	
    <bean id="sbrService" class="com.oneops.antenna.subscriptions.SubscriberService">
        <property name="defaultSystemSubscriber" ref="defaultSystemSubscriber" />
    </bean>

    <bean id="snsSender" class="com.oneops.antenna.senders.aws.SNSService">
    </bean>

    <bean id="eSender" class="com.oneops.antenna.senders.aws.EmailService">
    </bean>

    <bean id="urlSender" class="com.oneops.antenna.senders.generic.HTTPMsgService">
    </bean>
    
    <!--  bean id="xmppSender" class="com.oneops.antenna.senders.generic.XMPPMsgService">
    </bean -->
    
    <bean id="xmppSender" class="com.oneops.antenna.senders.generic.LoggingMsgService">
    </bean>

    <bean id="defaultSystemSubscriber" class="com.oneops.antenna.domain.URLSubscriber">
        <property name="name" value="default"/>
        <property name="dispatchMethod" value="SYNC"/>
        <property name="userName" value="admin"/>
        <property name="url" value="${KLOOPZ_NOTIFY_URL:http://api:3000/notify}"/>
        <property name="password">
            <value>${KLOOPZ_NOTIFY_PASS}</value>
        </property>
        <property name="timeout" value="5000"/>
    </bean>


    <bean id="dispatcher" class="com.oneops.antenna.service.Dispatcher">
        <property name="gson" ref="gson" />
        <property name="nmDao" ref="nmDao" />
        <property name="sbrService" ref="sbrService" />
        <property name="snsSender" ref="snsSender" />
        <property name="urlSender" ref="urlSender" />
        <property name="eSender" ref="eSender" />
        <property name="xmppSender" ref="xmppSender" />
        <property name="cmProcessor" ref="cmsCmProcessor" />
        <property name="dpmtProcessor" ref="cmsDpmtProcessor" />
        <property name="procProcessor" ref="procProcessor" />
    </bean>

</beans>
